<?xml version="1.0" encoding="UTF-8" ?>
<testsuite tests="1" failures="0" name="com.leyou.demo.AppTest" time="0.003" errors="0" skipped="0">
  <properties>
    <property name="idea.version" value="2020.2.3"/>
    <property name="java.runtime.name" value="Java(TM) SE Runtime Environment"/>
    <property name="sun.boot.library.path" value="F:\ProgramFiles\Java8\jdk1.8.0_221\jre\bin"/>
    <property name="java.vm.version" value="25.221-b11"/>
    <property name="java.vm.vendor" value="Oracle Corporation"/>
    <property name="maven.multiModuleProjectDirectory" value="G:\workspaceieda2020\springbootdemo1118\mybatis-spring"/>
    <property name="java.vendor.url" value="http://java.oracle.com/"/>
    <property name="path.separator" value=";"/>
    <property name="guice.disable.misplaced.annotation.check" value="true"/>
    <property name="java.vm.name" value="Java HotSpot(TM) 64-Bit Server VM"/>
    <property name="file.encoding.pkg" value="sun.io"/>
    <property name="user.script" value=""/>
    <property name="user.country" value="CN"/>
    <property name="sun.java.launcher" value="SUN_STANDARD"/>
    <property name="sun.os.patch.level" value=""/>
    <property name="java.vm.specification.name" value="Java Virtual Machine Specification"/>
    <property name="user.dir" value="G:\workspaceieda2020\springbootdemo1118\mybatis-spring"/>
    <property name="java.runtime.version" value="1.8.0_221-b11"/>
    <property name="java.awt.graphicsenv" value="sun.awt.Win32GraphicsEnvironment"/>
    <property name="java.endorsed.dirs" value="F:\ProgramFiles\Java8\jdk1.8.0_221\jre\lib\endorsed"/>
    <property name="os.arch" value="amd64"/>
    <property name="java.io.tmpdir" value="C:\Users\wangg\AppData\Local\Temp\"/>
    <property name="line.separator" value="
"/>
    <property name="java.vm.specification.vendor" value="Oracle Corporation"/>
    <property name="user.variant" value=""/>
    <property name="os.name" value="Windows 10"/>
    <property name="maven.ext.class.path" value="F:\ProgramFiles\IntelliJ IDEA 2020.2.3\plugins\maven\lib\maven-event-listener.jar"/>
    <property name="classworlds.conf" value="F:\apache-maven-3.5.2\bin\m2.conf"/>
    <property name="sun.jnu.encoding" value="GBK"/>
    <property name="java.library.path" value="F:\ProgramFiles\Java8\jdk1.8.0_221\bin;C:\Windows\Sun\Java\bin;C:\Windows\system32;C:\Windows;F:\ProgramFiles\NetSarang\Xftp6\;F:\ProgramFiles\NetSarang\Xshell 6\;C:\Windows\system32;C:\Windows;C:\Windows\System32\Wbem;C:\Windows\System32\WindowsPowerShell\v1.0\;C:\Windows\System32\OpenSSH\;F:\ProgramFiles\Java8\jdk1.8.0_221\bin;F:\apache-maven-3.5.2\bin;F:\ProgramFiles\Git\cmd;D:\ProgramFiles\MongoDB\Server\4.4\bin;D:\ProgramFiles\mysql-5.7.30-winx64\bin;C:\Users\wangg\AppData\Local\Microsoft\WindowsApps;;."/>
    <property name="maven.conf" value="F:\apache-maven-3.5.2/conf"/>
    <property name="java.specification.name" value="Java Platform API Specification"/>
    <property name="java.class.version" value="52.0"/>
    <property name="sun.management.compiler" value="HotSpot 64-Bit Tiered Compilers"/>
    <property name="maven.repo.local" value="D:\maven_dep\repository"/>
    <property name="os.version" value="10.0"/>
    <property name="user.home" value="C:\Users\wangg"/>
    <property name="user.timezone" value="Asia/Shanghai"/>
    <property name="java.awt.printerjob" value="sun.awt.windows.WPrinterJob"/>
    <property name="java.specification.version" value="1.8"/>
    <property name="file.encoding" value="UTF-8"/>
    <property name="user.name" value="wanggang"/>
    <property name="java.class.path" value="F:\apache-maven-3.5.2\boot\plexus-classworlds-2.5.2.jar;F:\ProgramFiles\IntelliJ IDEA 2020.2.3\lib\idea_rt.jar"/>
    <property name="java.vm.specification.version" value="1.8"/>
    <property name="sun.arch.data.model" value="64"/>
    <property name="java.home" value="F:\ProgramFiles\Java8\jdk1.8.0_221\jre"/>
    <property name="sun.java.command" value="org.codehaus.classworlds.Launcher -Didea.version=2020.2.3 -s F:\apache-maven-3.5.2\conf\settings.xml -Dmaven.repo.local=D:\maven_dep\repository install"/>
    <property name="java.specification.vendor" value="Oracle Corporation"/>
    <property name="user.language" value="zh"/>
    <property name="awt.toolkit" value="sun.awt.windows.WToolkit"/>
    <property name="java.vm.info" value="mixed mode"/>
    <property name="java.version" value="1.8.0_221"/>
    <property name="java.ext.dirs" value="F:\ProgramFiles\Java8\jdk1.8.0_221\jre\lib\ext;C:\Windows\Sun\Java\lib\ext"/>
    <property name="sun.boot.class.path" value="F:\ProgramFiles\Java8\jdk1.8.0_221\jre\lib\resources.jar;F:\ProgramFiles\Java8\jdk1.8.0_221\jre\lib\rt.jar;F:\ProgramFiles\Java8\jdk1.8.0_221\jre\lib\sunrsasign.jar;F:\ProgramFiles\Java8\jdk1.8.0_221\jre\lib\jsse.jar;F:\ProgramFiles\Java8\jdk1.8.0_221\jre\lib\jce.jar;F:\ProgramFiles\Java8\jdk1.8.0_221\jre\lib\charsets.jar;F:\ProgramFiles\Java8\jdk1.8.0_221\jre\lib\jfr.jar;F:\ProgramFiles\Java8\jdk1.8.0_221\jre\classes"/>
    <property name="java.vendor" value="Oracle Corporation"/>
    <property name="maven.home" value="F:\apache-maven-3.5.2"/>
    <property name="file.separator" value="\"/>
    <property name="java.vendor.url.bug" value="http://bugreport.sun.com/bugreport/"/>
    <property name="sun.cpu.endian" value="little"/>
    <property name="sun.io.unicode.encoding" value="UnicodeLittle"/>
    <property name="sun.desktop" value="windows"/>
    <property name="sun.cpu.isalist" value="amd64"/>
  </properties>
  <testcase classname="com.leyou.demo.AppTest" name="shouldAnswerWithTrue" time="0.003"/>
</testsuite>